==14440== Memcheck, a memory error detector
==14440== Copyright (C) 2002-2017, and GNU GPL'd, by Julian Seward et al.
==14440== Using Valgrind-3.13.0 and LibVEX; rerun with -h for copyright info
==14440== Command: ./keras
==14440== Parent PID: 10950
==14440== 
--14440-- 
--14440-- Valgrind options:
--14440--    -v
--14440--    --tool=memcheck
--14440--    --leak-check=full
--14440--    --num-callers=40
--14440--    --log-file=valgrind.log
--14440-- Contents of /proc/version:
--14440--   Linux version 4.15.0-88-generic (buildd@lgw01-amd64-036) (gcc version 7.4.0 (Ubuntu 7.4.0-1ubuntu1~18.04.1)) #88-Ubuntu SMP Tue Feb 11 20:11:34 UTC 2020
--14440-- 
--14440-- Arch and hwcaps: AMD64, LittleEndian, amd64-cx16-lzcnt-rdtscp-sse3-avx-avx2-bmi
--14440-- Page sizes: currently 4096, max supported 4096
--14440-- Valgrind library directory: /usr/lib/valgrind
--14440-- Reading syms from /home/mohsan/FYP/orca/systems/zedboard/software/Mnist_Fixed_source_Code/keras
--14440-- Reading syms from /lib/x86_64-linux-gnu/ld-2.27.so
--14440--   Considering /lib/x86_64-linux-gnu/ld-2.27.so ..
--14440--   .. CRC mismatch (computed 1b7c895e wanted 2943108a)
--14440--   Considering /usr/lib/debug/lib/x86_64-linux-gnu/ld-2.27.so ..
--14440--   .. CRC is valid
--14440-- Reading syms from /usr/lib/valgrind/memcheck-amd64-linux
--14440--   Considering /usr/lib/valgrind/memcheck-amd64-linux ..
--14440--   .. CRC mismatch (computed 41ddb025 wanted 9972f546)
--14440--    object doesn't have a symbol table
--14440--    object doesn't have a dynamic symbol table
--14440-- Scheduler: using generic scheduler lock implementation.
--14440-- Reading suppressions file: /usr/lib/valgrind/default.supp
==14440== embedded gdbserver: reading from /tmp/vgdb-pipe-from-vgdb-to-14440-by-mohsan-on-???
==14440== embedded gdbserver: writing to   /tmp/vgdb-pipe-to-vgdb-from-14440-by-mohsan-on-???
==14440== embedded gdbserver: shared mem   /tmp/vgdb-pipe-shared-mem-vgdb-14440-by-mohsan-on-???
==14440== 
==14440== TO CONTROL THIS PROCESS USING vgdb (which you probably
==14440== don't want to do, unless you know exactly what you're doing,
==14440== or are doing some strange experiment):
==14440==   /usr/lib/valgrind/../../bin/vgdb --pid=14440 ...command...
==14440== 
==14440== TO DEBUG THIS PROCESS USING GDB: start GDB like this
==14440==   /path/to/gdb ./keras
==14440== and then give GDB the following command
==14440==   target remote | /usr/lib/valgrind/../../bin/vgdb --pid=14440
==14440== --pid is optional if only one valgrind process is running
==14440== 
--14440-- REDIR: 0x401f2f0 (ld-linux-x86-64.so.2:strlen) redirected to 0x580608c1 (???)
--14440-- REDIR: 0x401f0d0 (ld-linux-x86-64.so.2:index) redirected to 0x580608db (???)
--14440-- Reading syms from /usr/lib/valgrind/vgpreload_core-amd64-linux.so
--14440--   Considering /usr/lib/valgrind/vgpreload_core-amd64-linux.so ..
--14440--   .. CRC mismatch (computed 50df1b30 wanted 4800a4cf)
--14440--    object doesn't have a symbol table
--14440-- Reading syms from /usr/lib/valgrind/vgpreload_memcheck-amd64-linux.so
--14440--   Considering /usr/lib/valgrind/vgpreload_memcheck-amd64-linux.so ..
--14440--   .. CRC mismatch (computed f893b962 wanted 95ee359e)
--14440--    object doesn't have a symbol table
==14440== WARNING: new redirection conflicts with existing -- ignoring it
--14440--     old: 0x0401f2f0 (strlen              ) R-> (0000.0) 0x580608c1 ???
--14440--     new: 0x0401f2f0 (strlen              ) R-> (2007.0) 0x04c32db0 strlen
--14440-- REDIR: 0x401d360 (ld-linux-x86-64.so.2:strcmp) redirected to 0x4c33ee0 (strcmp)
--14440-- REDIR: 0x401f830 (ld-linux-x86-64.so.2:mempcpy) redirected to 0x4c374f0 (mempcpy)
--14440-- Reading syms from /lib/x86_64-linux-gnu/libc-2.27.so
--14440--   Considering /lib/x86_64-linux-gnu/libc-2.27.so ..
--14440--   .. CRC mismatch (computed b1c74187 wanted 042cc048)
--14440--   Considering /usr/lib/debug/lib/x86_64-linux-gnu/libc-2.27.so ..
--14440--   .. CRC is valid
--14440-- REDIR: 0x4edac70 (libc.so.6:memmove) redirected to 0x4a2a6e0 (_vgnU_ifunc_wrapper)
--14440-- REDIR: 0x4ed9d40 (libc.so.6:strncpy) redirected to 0x4a2a6e0 (_vgnU_ifunc_wrapper)
--14440-- REDIR: 0x4edaf50 (libc.so.6:strcasecmp) redirected to 0x4a2a6e0 (_vgnU_ifunc_wrapper)
--14440-- REDIR: 0x4ed9790 (libc.so.6:strcat) redirected to 0x4a2a6e0 (_vgnU_ifunc_wrapper)
--14440-- REDIR: 0x4ed9d70 (libc.so.6:rindex) redirected to 0x4a2a6e0 (_vgnU_ifunc_wrapper)
--14440-- REDIR: 0x4edc7c0 (libc.so.6:rawmemchr) redirected to 0x4a2a6e0 (_vgnU_ifunc_wrapper)
--14440-- REDIR: 0x4edade0 (libc.so.6:mempcpy) redirected to 0x4a2a6e0 (_vgnU_ifunc_wrapper)
--14440-- REDIR: 0x4edac10 (libc.so.6:bcmp) redirected to 0x4a2a6e0 (_vgnU_ifunc_wrapper)
--14440-- REDIR: 0x4ed9d00 (libc.so.6:strncmp) redirected to 0x4a2a6e0 (_vgnU_ifunc_wrapper)
--14440-- REDIR: 0x4ed9800 (libc.so.6:strcmp) redirected to 0x4a2a6e0 (_vgnU_ifunc_wrapper)
--14440-- REDIR: 0x4edad40 (libc.so.6:memset) redirected to 0x4a2a6e0 (_vgnU_ifunc_wrapper)
--14440-- REDIR: 0x4ef80f0 (libc.so.6:wcschr) redirected to 0x4a2a6e0 (_vgnU_ifunc_wrapper)
--14440-- REDIR: 0x4ed9ca0 (libc.so.6:strnlen) redirected to 0x4a2a6e0 (_vgnU_ifunc_wrapper)
--14440-- REDIR: 0x4ed9870 (libc.so.6:strcspn) redirected to 0x4a2a6e0 (_vgnU_ifunc_wrapper)
--14440-- REDIR: 0x4edafa0 (libc.so.6:strncasecmp) redirected to 0x4a2a6e0 (_vgnU_ifunc_wrapper)
--14440-- REDIR: 0x4ed9840 (libc.so.6:strcpy) redirected to 0x4a2a6e0 (_vgnU_ifunc_wrapper)
--14440-- REDIR: 0x4edb0e0 (libc.so.6:memcpy@@GLIBC_2.14) redirected to 0x4a2a6e0 (_vgnU_ifunc_wrapper)
--14440-- REDIR: 0x4ed9da0 (libc.so.6:strpbrk) redirected to 0x4a2a6e0 (_vgnU_ifunc_wrapper)
--14440-- REDIR: 0x4ed97c0 (libc.so.6:index) redirected to 0x4a2a6e0 (_vgnU_ifunc_wrapper)
--14440-- REDIR: 0x4ed9c70 (libc.so.6:strlen) redirected to 0x4a2a6e0 (_vgnU_ifunc_wrapper)
--14440-- REDIR: 0x4ee46c0 (libc.so.6:memrchr) redirected to 0x4a2a6e0 (_vgnU_ifunc_wrapper)
--14440-- REDIR: 0x4edaff0 (libc.so.6:strcasecmp_l) redirected to 0x4a2a6e0 (_vgnU_ifunc_wrapper)
--14440-- REDIR: 0x4edabe0 (libc.so.6:memchr) redirected to 0x4a2a6e0 (_vgnU_ifunc_wrapper)
--14440-- REDIR: 0x4ef8eb0 (libc.so.6:wcslen) redirected to 0x4a2a6e0 (_vgnU_ifunc_wrapper)
--14440-- REDIR: 0x4eda050 (libc.so.6:strspn) redirected to 0x4a2a6e0 (_vgnU_ifunc_wrapper)
--14440-- REDIR: 0x4edaf20 (libc.so.6:stpncpy) redirected to 0x4a2a6e0 (_vgnU_ifunc_wrapper)
--14440-- REDIR: 0x4edaef0 (libc.so.6:stpcpy) redirected to 0x4a2a6e0 (_vgnU_ifunc_wrapper)
--14440-- REDIR: 0x4edc7f0 (libc.so.6:strchrnul) redirected to 0x4a2a6e0 (_vgnU_ifunc_wrapper)
--14440-- REDIR: 0x4edb040 (libc.so.6:strncasecmp_l) redirected to 0x4a2a6e0 (_vgnU_ifunc_wrapper)
--14440-- REDIR: 0x4fca3c0 (libc.so.6:__strrchr_avx2) redirected to 0x4c32730 (rindex)
--14440-- REDIR: 0x4ed3070 (libc.so.6:malloc) redirected to 0x4c2faa0 (malloc)
--14440-- REDIR: 0x4ed6030 (libc.so.6:calloc) redirected to 0x4c31a70 (calloc)
--14440-- REDIR: 0x4ed4c30 (libc.so.6:realloc) redirected to 0x4c31cb0 (realloc)
--14440-- REDIR: 0x4ed3950 (libc.so.6:free) redirected to 0x4c30cd0 (free)
==14440== Invalid read of size 4
==14440==    at 0x10A537: Dense_compute_output (in /home/mohsan/FYP/orca/systems/zedboard/software/Mnist_Fixed_source_Code/keras)
==14440==    by 0x108A0A: main (in /home/mohsan/FYP/orca/systems/zedboard/software/Mnist_Fixed_source_Code/keras)
==14440==  Address 0x5da2c20 is 0 bytes after a block of size 32 alloc'd
==14440==    at 0x4C31B25: calloc (in /usr/lib/valgrind/vgpreload_memcheck-amd64-linux.so)
==14440==    by 0x10A0B1: Dense_compute_output (in /home/mohsan/FYP/orca/systems/zedboard/software/Mnist_Fixed_source_Code/keras)
==14440==    by 0x108A0A: main (in /home/mohsan/FYP/orca/systems/zedboard/software/Mnist_Fixed_source_Code/keras)
==14440== 
==14440== Invalid write of size 4
==14440==    at 0x10A54E: Dense_compute_output (in /home/mohsan/FYP/orca/systems/zedboard/software/Mnist_Fixed_source_Code/keras)
==14440==    by 0x108A0A: main (in /home/mohsan/FYP/orca/systems/zedboard/software/Mnist_Fixed_source_Code/keras)
==14440==  Address 0x5da2c20 is 0 bytes after a block of size 32 alloc'd
==14440==    at 0x4C31B25: calloc (in /usr/lib/valgrind/vgpreload_memcheck-amd64-linux.so)
==14440==    by 0x10A0B1: Dense_compute_output (in /home/mohsan/FYP/orca/systems/zedboard/software/Mnist_Fixed_source_Code/keras)
==14440==    by 0x108A0A: main (in /home/mohsan/FYP/orca/systems/zedboard/software/Mnist_Fixed_source_Code/keras)
==14440== 
==14440== Invalid read of size 4
==14440==    at 0x10A597: Dense_compute_output (in /home/mohsan/FYP/orca/systems/zedboard/software/Mnist_Fixed_source_Code/keras)
==14440==    by 0x108A0A: main (in /home/mohsan/FYP/orca/systems/zedboard/software/Mnist_Fixed_source_Code/keras)
==14440==  Address 0x5da2c20 is 0 bytes after a block of size 32 alloc'd
==14440==    at 0x4C31B25: calloc (in /usr/lib/valgrind/vgpreload_memcheck-amd64-linux.so)
==14440==    by 0x10A0B1: Dense_compute_output (in /home/mohsan/FYP/orca/systems/zedboard/software/Mnist_Fixed_source_Code/keras)
==14440==    by 0x108A0A: main (in /home/mohsan/FYP/orca/systems/zedboard/software/Mnist_Fixed_source_Code/keras)
==14440== 
==14440== Invalid read of size 4
==14440==    at 0x10A5AF: Dense_compute_output (in /home/mohsan/FYP/orca/systems/zedboard/software/Mnist_Fixed_source_Code/keras)
==14440==    by 0x108A0A: main (in /home/mohsan/FYP/orca/systems/zedboard/software/Mnist_Fixed_source_Code/keras)
==14440==  Address 0x5da2c20 is 0 bytes after a block of size 32 alloc'd
==14440==    at 0x4C31B25: calloc (in /usr/lib/valgrind/vgpreload_memcheck-amd64-linux.so)
==14440==    by 0x10A0B1: Dense_compute_output (in /home/mohsan/FYP/orca/systems/zedboard/software/Mnist_Fixed_source_Code/keras)
==14440==    by 0x108A0A: main (in /home/mohsan/FYP/orca/systems/zedboard/software/Mnist_Fixed_source_Code/keras)
==14440== 
--14440-- REDIR: 0x4fca1d0 (libc.so.6:__strchrnul_avx2) redirected to 0x4c37020 (strchrnul)
--14440-- REDIR: 0x4fca590 (libc.so.6:__strlen_avx2) redirected to 0x4c32cf0 (strlen)
--14440-- REDIR: 0x4fcaab0 (libc.so.6:__mempcpy_avx_unaligned_erms) redirected to 0x4c37130 (mempcpy)
==14440== 
==14440== HEAP SUMMARY:
==14440==     in use at exit: 10,278,952 bytes in 2,118 blocks
==14440==   total heap usage: 52,295 allocs, 50,177 frees, 11,333,672 bytes allocated
==14440== 
==14440== Searching for pointers to 2,118 not-freed blocks
==14440== Checked 3,322,600 bytes
==14440== 
==14440== 1 bytes in 1 blocks are definitely lost in loss record 1 of 41
==14440==    at 0x4C2FB0F: malloc (in /usr/lib/valgrind/vgpreload_memcheck-amd64-linux.so)
==14440==    by 0x108AEB: LayerActivationS_create (in /home/mohsan/FYP/orca/systems/zedboard/software/Mnist_Fixed_source_Code/keras)
==14440==    by 0x10881F: main (in /home/mohsan/FYP/orca/systems/zedboard/software/Mnist_Fixed_source_Code/keras)
==14440== 
==14440== 1 bytes in 1 blocks are definitely lost in loss record 2 of 41
==14440==    at 0x4C2FB0F: malloc (in /usr/lib/valgrind/vgpreload_memcheck-amd64-linux.so)
==14440==    by 0x108AEB: LayerActivationS_create (in /home/mohsan/FYP/orca/systems/zedboard/software/Mnist_Fixed_source_Code/keras)
==14440==    by 0x10889C: main (in /home/mohsan/FYP/orca/systems/zedboard/software/Mnist_Fixed_source_Code/keras)
==14440== 
==14440== 1 bytes in 1 blocks are definitely lost in loss record 3 of 41
==14440==    at 0x4C2FB0F: malloc (in /usr/lib/valgrind/vgpreload_memcheck-amd64-linux.so)
==14440==    by 0x108AEB: LayerActivationS_create (in /home/mohsan/FYP/orca/systems/zedboard/software/Mnist_Fixed_source_Code/keras)
==14440==    by 0x1089A6: main (in /home/mohsan/FYP/orca/systems/zedboard/software/Mnist_Fixed_source_Code/keras)
==14440== 
==14440== 1 bytes in 1 blocks are definitely lost in loss record 4 of 41
==14440==    at 0x4C2FB0F: malloc (in /usr/lib/valgrind/vgpreload_memcheck-amd64-linux.so)
==14440==    by 0x108AEB: LayerActivationS_create (in /home/mohsan/FYP/orca/systems/zedboard/software/Mnist_Fixed_source_Code/keras)
==14440==    by 0x108A28: main (in /home/mohsan/FYP/orca/systems/zedboard/software/Mnist_Fixed_source_Code/keras)
==14440== 
==14440== 4 bytes in 1 blocks are definitely lost in loss record 5 of 41
==14440==    at 0x4C2FB0F: malloc (in /usr/lib/valgrind/vgpreload_memcheck-amd64-linux.so)
==14440==    by 0x10A6C9: LayerFlattenS_create (in /home/mohsan/FYP/orca/systems/zedboard/software/Mnist_Fixed_source_Code/keras)
==14440==    by 0x108914: main (in /home/mohsan/FYP/orca/systems/zedboard/software/Mnist_Fixed_source_Code/keras)
==14440== 
==14440== 8 bytes in 1 blocks are definitely lost in loss record 6 of 41
==14440==    at 0x4C2FB0F: malloc (in /usr/lib/valgrind/vgpreload_memcheck-amd64-linux.so)
==14440==    by 0x10A8D0: LayerMaxPoolingS_create (in /home/mohsan/FYP/orca/systems/zedboard/software/Mnist_Fixed_source_Code/keras)
==14440==    by 0x1088D8: main (in /home/mohsan/FYP/orca/systems/zedboard/software/Mnist_Fixed_source_Code/keras)
==14440== 
==14440== 16 bytes in 1 blocks are definitely lost in loss record 7 of 41
==14440==    at 0x4C2FB0F: malloc (in /usr/lib/valgrind/vgpreload_memcheck-amd64-linux.so)
==14440==    by 0x109D8C: DataChunkFlatS_create (in /home/mohsan/FYP/orca/systems/zedboard/software/Mnist_Fixed_source_Code/keras)
==14440==    by 0x108BAE: Activation_compute_output1D (in /home/mohsan/FYP/orca/systems/zedboard/software/Mnist_Fixed_source_Code/keras)
==14440==    by 0x1089C9: main (in /home/mohsan/FYP/orca/systems/zedboard/software/Mnist_Fixed_source_Code/keras)
==14440== 
==14440== 16 bytes in 1 blocks are definitely lost in loss record 8 of 41
==14440==    at 0x4C2FB0F: malloc (in /usr/lib/valgrind/vgpreload_memcheck-amd64-linux.so)
==14440==    by 0x109D8C: DataChunkFlatS_create (in /home/mohsan/FYP/orca/systems/zedboard/software/Mnist_Fixed_source_Code/keras)
==14440==    by 0x108BAE: Activation_compute_output1D (in /home/mohsan/FYP/orca/systems/zedboard/software/Mnist_Fixed_source_Code/keras)
==14440==    by 0x108A4B: main (in /home/mohsan/FYP/orca/systems/zedboard/software/Mnist_Fixed_source_Code/keras)
==14440== 
==14440== 20 bytes in 1 blocks are definitely lost in loss record 10 of 41
==14440==    at 0x4C2FB0F: malloc (in /usr/lib/valgrind/vgpreload_memcheck-amd64-linux.so)
==14440==    by 0x109D3B: DataChunkFlatS_init (in /home/mohsan/FYP/orca/systems/zedboard/software/Mnist_Fixed_source_Code/keras)
==14440==    by 0x109DA1: DataChunkFlatS_create (in /home/mohsan/FYP/orca/systems/zedboard/software/Mnist_Fixed_source_Code/keras)
==14440==    by 0x108BAE: Activation_compute_output1D (in /home/mohsan/FYP/orca/systems/zedboard/software/Mnist_Fixed_source_Code/keras)
==14440==    by 0x108A4B: main (in /home/mohsan/FYP/orca/systems/zedboard/software/Mnist_Fixed_source_Code/keras)
==14440== 
==14440== 24 bytes in 1 blocks are definitely lost in loss record 11 of 41
==14440==    at 0x4C2FB0F: malloc (in /usr/lib/valgrind/vgpreload_memcheck-amd64-linux.so)
==14440==    by 0x109B5A: DataChunk2DS_create (in /home/mohsan/FYP/orca/systems/zedboard/software/Mnist_Fixed_source_Code/keras)
==14440==    by 0x108CE0: Activation_compute_output3D (in /home/mohsan/FYP/orca/systems/zedboard/software/Mnist_Fixed_source_Code/keras)
==14440==    by 0x108842: main (in /home/mohsan/FYP/orca/systems/zedboard/software/Mnist_Fixed_source_Code/keras)
==14440== 
==14440== 24 bytes in 1 blocks are definitely lost in loss record 12 of 41
==14440==    at 0x4C2FB0F: malloc (in /usr/lib/valgrind/vgpreload_memcheck-amd64-linux.so)
==14440==    by 0x109B5A: DataChunk2DS_create (in /home/mohsan/FYP/orca/systems/zedboard/software/Mnist_Fixed_source_Code/keras)
==14440==    by 0x108CE0: Activation_compute_output3D (in /home/mohsan/FYP/orca/systems/zedboard/software/Mnist_Fixed_source_Code/keras)
==14440==    by 0x1088BF: main (in /home/mohsan/FYP/orca/systems/zedboard/software/Mnist_Fixed_source_Code/keras)
==14440== 
==14440== 32 bytes in 1 blocks are definitely lost in loss record 13 of 41
==14440==    at 0x4C2FB0F: malloc (in /usr/lib/valgrind/vgpreload_memcheck-amd64-linux.so)
==14440==    by 0x109E9A: LayerDenseS_create (in /home/mohsan/FYP/orca/systems/zedboard/software/Mnist_Fixed_source_Code/keras)
==14440==    by 0x108965: main (in /home/mohsan/FYP/orca/systems/zedboard/software/Mnist_Fixed_source_Code/keras)
==14440== 
==14440== 32 bytes in 1 blocks are definitely lost in loss record 14 of 41
==14440==    at 0x4C31B25: calloc (in /usr/lib/valgrind/vgpreload_memcheck-amd64-linux.so)
==14440==    by 0x10A0B1: Dense_compute_output (in /home/mohsan/FYP/orca/systems/zedboard/software/Mnist_Fixed_source_Code/keras)
==14440==    by 0x108A0A: main (in /home/mohsan/FYP/orca/systems/zedboard/software/Mnist_Fixed_source_Code/keras)
==14440== 
==14440== 36 (16 direct, 20 indirect) bytes in 1 blocks are definitely lost in loss record 15 of 41
==14440==    at 0x4C2FB0F: malloc (in /usr/lib/valgrind/vgpreload_memcheck-amd64-linux.so)
==14440==    by 0x109D8C: DataChunkFlatS_create (in /home/mohsan/FYP/orca/systems/zedboard/software/Mnist_Fixed_source_Code/keras)
==14440==    by 0x10A088: Dense_compute_output (in /home/mohsan/FYP/orca/systems/zedboard/software/Mnist_Fixed_source_Code/keras)
==14440==    by 0x108A0A: main (in /home/mohsan/FYP/orca/systems/zedboard/software/Mnist_Fixed_source_Code/keras)
==14440== 
==14440== 256 bytes in 1 blocks are definitely lost in loss record 17 of 41
==14440==    at 0x4C2FB0F: malloc (in /usr/lib/valgrind/vgpreload_memcheck-amd64-linux.so)
==14440==    by 0x109D3B: DataChunkFlatS_init (in /home/mohsan/FYP/orca/systems/zedboard/software/Mnist_Fixed_source_Code/keras)
==14440==    by 0x109DA1: DataChunkFlatS_create (in /home/mohsan/FYP/orca/systems/zedboard/software/Mnist_Fixed_source_Code/keras)
==14440==    by 0x108BAE: Activation_compute_output1D (in /home/mohsan/FYP/orca/systems/zedboard/software/Mnist_Fixed_source_Code/keras)
==14440==    by 0x1089C9: main (in /home/mohsan/FYP/orca/systems/zedboard/software/Mnist_Fixed_source_Code/keras)
==14440== 
==14440== 272 (16 direct, 256 indirect) bytes in 1 blocks are definitely lost in loss record 18 of 41
==14440==    at 0x4C2FB0F: malloc (in /usr/lib/valgrind/vgpreload_memcheck-amd64-linux.so)
==14440==    by 0x109D8C: DataChunkFlatS_create (in /home/mohsan/FYP/orca/systems/zedboard/software/Mnist_Fixed_source_Code/keras)
==14440==    by 0x10A088: Dense_compute_output (in /home/mohsan/FYP/orca/systems/zedboard/software/Mnist_Fixed_source_Code/keras)
==14440==    by 0x108988: main (in /home/mohsan/FYP/orca/systems/zedboard/software/Mnist_Fixed_source_Code/keras)
==14440== 
==14440== 512 bytes in 1 blocks are definitely lost in loss record 19 of 41
==14440==    at 0x4C31B25: calloc (in /usr/lib/valgrind/vgpreload_memcheck-amd64-linux.so)
==14440==    by 0x10A0B1: Dense_compute_output (in /home/mohsan/FYP/orca/systems/zedboard/software/Mnist_Fixed_source_Code/keras)
==14440==    by 0x108988: main (in /home/mohsan/FYP/orca/systems/zedboard/software/Mnist_Fixed_source_Code/keras)
==14440== 
==14440== 616 (40 direct, 576 indirect) bytes in 1 blocks are definitely lost in loss record 21 of 41
==14440==    at 0x4C2FB0F: malloc (in /usr/lib/valgrind/vgpreload_memcheck-amd64-linux.so)
==14440==    by 0x108F72: LayerConv2DS_create (in /home/mohsan/FYP/orca/systems/zedboard/software/Mnist_Fixed_source_Code/keras)
==14440==    by 0x1087DE: main (in /home/mohsan/FYP/orca/systems/zedboard/software/Mnist_Fixed_source_Code/keras)
==14440== 
==14440== 1,592 (24 direct, 1,568 indirect) bytes in 1 blocks are definitely lost in loss record 23 of 41
==14440==    at 0x4C2FB0F: malloc (in /usr/lib/valgrind/vgpreload_memcheck-amd64-linux.so)
==14440==    by 0x109B5A: DataChunk2DS_create (in /home/mohsan/FYP/orca/systems/zedboard/software/Mnist_Fixed_source_Code/keras)
==14440==    by 0x1087B9: main (in /home/mohsan/FYP/orca/systems/zedboard/software/Mnist_Fixed_source_Code/keras)
==14440== 
==14440== 2,592 (32 direct, 2,560 indirect) bytes in 1 blocks are definitely lost in loss record 25 of 41
==14440==    at 0x4C2FB0F: malloc (in /usr/lib/valgrind/vgpreload_memcheck-amd64-linux.so)
==14440==    by 0x109E9A: LayerDenseS_create (in /home/mohsan/FYP/orca/systems/zedboard/software/Mnist_Fixed_source_Code/keras)
==14440==    by 0x1089E7: main (in /home/mohsan/FYP/orca/systems/zedboard/software/Mnist_Fixed_source_Code/keras)
==14440== 
==14440== 25,104 (16 direct, 25,088 indirect) bytes in 1 blocks are definitely lost in loss record 28 of 41
==14440==    at 0x4C2FB0F: malloc (in /usr/lib/valgrind/vgpreload_memcheck-amd64-linux.so)
==14440==    by 0x109D8C: DataChunkFlatS_create (in /home/mohsan/FYP/orca/systems/zedboard/software/Mnist_Fixed_source_Code/keras)
==14440==    by 0x10A749: Flatten_compute_output (in /home/mohsan/FYP/orca/systems/zedboard/software/Mnist_Fixed_source_Code/keras)
==14440==    by 0x108947: main (in /home/mohsan/FYP/orca/systems/zedboard/software/Mnist_Fixed_source_Code/keras)
==14440== 
==14440== 25,112 (24 direct, 25,088 indirect) bytes in 1 blocks are definitely lost in loss record 29 of 41
==14440==    at 0x4C2FB0F: malloc (in /usr/lib/valgrind/vgpreload_memcheck-amd64-linux.so)
==14440==    by 0x109B5A: DataChunk2DS_create (in /home/mohsan/FYP/orca/systems/zedboard/software/Mnist_Fixed_source_Code/keras)
==14440==    by 0x10AD7D: MaxPooling_compute_output (in /home/mohsan/FYP/orca/systems/zedboard/software/Mnist_Fixed_source_Code/keras)
==14440==    by 0x1088FB: main (in /home/mohsan/FYP/orca/systems/zedboard/software/Mnist_Fixed_source_Code/keras)
==14440== 
==14440== 36,904 (40 direct, 36,864 indirect) bytes in 1 blocks are definitely lost in loss record 32 of 41
==14440==    at 0x4C2FB0F: malloc (in /usr/lib/valgrind/vgpreload_memcheck-amd64-linux.so)
==14440==    by 0x108F72: LayerConv2DS_create (in /home/mohsan/FYP/orca/systems/zedboard/software/Mnist_Fixed_source_Code/keras)
==14440==    by 0x10885B: main (in /home/mohsan/FYP/orca/systems/zedboard/software/Mnist_Fixed_source_Code/keras)
==14440== 
==14440== 56,472 (24 direct, 56,448 indirect) bytes in 1 blocks are definitely lost in loss record 34 of 41
==14440==    at 0x4C2FB0F: malloc (in /usr/lib/valgrind/vgpreload_memcheck-amd64-linux.so)
==14440==    by 0x109B5A: DataChunk2DS_create (in /home/mohsan/FYP/orca/systems/zedboard/software/Mnist_Fixed_source_Code/keras)
==14440==    by 0x109A9D: Conv2D_compute_output (in /home/mohsan/FYP/orca/systems/zedboard/software/Mnist_Fixed_source_Code/keras)
==14440==    by 0x108801: main (in /home/mohsan/FYP/orca/systems/zedboard/software/Mnist_Fixed_source_Code/keras)
==14440== 
==14440== 109,784 (24 direct, 109,760 indirect) bytes in 1 blocks are definitely lost in loss record 37 of 41
==14440==    at 0x4C2FB0F: malloc (in /usr/lib/valgrind/vgpreload_memcheck-amd64-linux.so)
==14440==    by 0x109B5A: DataChunk2DS_create (in /home/mohsan/FYP/orca/systems/zedboard/software/Mnist_Fixed_source_Code/keras)
==14440==    by 0x109A9D: Conv2D_compute_output (in /home/mohsan/FYP/orca/systems/zedboard/software/Mnist_Fixed_source_Code/keras)
==14440==    by 0x10887E: main (in /home/mohsan/FYP/orca/systems/zedboard/software/Mnist_Fixed_source_Code/keras)
==14440== 
==14440== 200,704 bytes in 1 blocks are definitely lost in loss record 38 of 41
==14440==    at 0x4C2FB0F: malloc (in /usr/lib/valgrind/vgpreload_memcheck-amd64-linux.so)
==14440==    by 0x109769: Conv2D_compute_output (in /home/mohsan/FYP/orca/systems/zedboard/software/Mnist_Fixed_source_Code/keras)
==14440==    by 0x10887E: main (in /home/mohsan/FYP/orca/systems/zedboard/software/Mnist_Fixed_source_Code/keras)
==14440== 
==14440== 3,424,512 (100,352 direct, 3,324,160 indirect) bytes in 32 blocks are definitely lost in loss record 40 of 41
==14440==    at 0x4C31B25: calloc (in /usr/lib/valgrind/vgpreload_memcheck-amd64-linux.so)
==14440==    by 0x109437: conv_single_depth_same (in /home/mohsan/FYP/orca/systems/zedboard/software/Mnist_Fixed_source_Code/keras)
==14440==    by 0x10983B: Conv2D_compute_output (in /home/mohsan/FYP/orca/systems/zedboard/software/Mnist_Fixed_source_Code/keras)
==14440==    by 0x108801: main (in /home/mohsan/FYP/orca/systems/zedboard/software/Mnist_Fixed_source_Code/keras)
==14440== 
==14440== 6,394,304 (6,388,032 direct, 6,272 indirect) bytes in 2,037 blocks are definitely lost in loss record 41 of 41
==14440==    at 0x4C31B25: calloc (in /usr/lib/valgrind/vgpreload_memcheck-amd64-linux.so)
==14440==    by 0x109437: conv_single_depth_same (in /home/mohsan/FYP/orca/systems/zedboard/software/Mnist_Fixed_source_Code/keras)
==14440==    by 0x10983B: Conv2D_compute_output (in /home/mohsan/FYP/orca/systems/zedboard/software/Mnist_Fixed_source_Code/keras)
==14440==    by 0x10887E: main (in /home/mohsan/FYP/orca/systems/zedboard/software/Mnist_Fixed_source_Code/keras)
==14440== 
==14440== LEAK SUMMARY:
==14440==    definitely lost: 6,690,292 bytes in 2,095 blocks
==14440==    indirectly lost: 3,588,660 bytes in 23 blocks
==14440==      possibly lost: 0 bytes in 0 blocks
==14440==    still reachable: 0 bytes in 0 blocks
==14440==         suppressed: 0 bytes in 0 blocks
==14440== 
==14440== ERROR SUMMARY: 544 errors from 32 contexts (suppressed: 0 from 0)
==14440== 
==14440== 2 errors in context 1 of 32:
==14440== Invalid read of size 4
==14440==    at 0x10A5AF: Dense_compute_output (in /home/mohsan/FYP/orca/systems/zedboard/software/Mnist_Fixed_source_Code/keras)
==14440==    by 0x108A0A: main (in /home/mohsan/FYP/orca/systems/zedboard/software/Mnist_Fixed_source_Code/keras)
==14440==  Address 0x5da2c20 is 0 bytes after a block of size 32 alloc'd
==14440==    at 0x4C31B25: calloc (in /usr/lib/valgrind/vgpreload_memcheck-amd64-linux.so)
==14440==    by 0x10A0B1: Dense_compute_output (in /home/mohsan/FYP/orca/systems/zedboard/software/Mnist_Fixed_source_Code/keras)
==14440==    by 0x108A0A: main (in /home/mohsan/FYP/orca/systems/zedboard/software/Mnist_Fixed_source_Code/keras)
==14440== 
==14440== 
==14440== 2 errors in context 2 of 32:
==14440== Invalid read of size 4
==14440==    at 0x10A597: Dense_compute_output (in /home/mohsan/FYP/orca/systems/zedboard/software/Mnist_Fixed_source_Code/keras)
==14440==    by 0x108A0A: main (in /home/mohsan/FYP/orca/systems/zedboard/software/Mnist_Fixed_source_Code/keras)
==14440==  Address 0x5da2c20 is 0 bytes after a block of size 32 alloc'd
==14440==    at 0x4C31B25: calloc (in /usr/lib/valgrind/vgpreload_memcheck-amd64-linux.so)
==14440==    by 0x10A0B1: Dense_compute_output (in /home/mohsan/FYP/orca/systems/zedboard/software/Mnist_Fixed_source_Code/keras)
==14440==    by 0x108A0A: main (in /home/mohsan/FYP/orca/systems/zedboard/software/Mnist_Fixed_source_Code/keras)
==14440== 
==14440== 
==14440== 256 errors in context 3 of 32:
==14440== Invalid write of size 4
==14440==    at 0x10A54E: Dense_compute_output (in /home/mohsan/FYP/orca/systems/zedboard/software/Mnist_Fixed_source_Code/keras)
==14440==    by 0x108A0A: main (in /home/mohsan/FYP/orca/systems/zedboard/software/Mnist_Fixed_source_Code/keras)
==14440==  Address 0x5da2c20 is 0 bytes after a block of size 32 alloc'd
==14440==    at 0x4C31B25: calloc (in /usr/lib/valgrind/vgpreload_memcheck-amd64-linux.so)
==14440==    by 0x10A0B1: Dense_compute_output (in /home/mohsan/FYP/orca/systems/zedboard/software/Mnist_Fixed_source_Code/keras)
==14440==    by 0x108A0A: main (in /home/mohsan/FYP/orca/systems/zedboard/software/Mnist_Fixed_source_Code/keras)
==14440== 
==14440== 
==14440== 256 errors in context 4 of 32:
==14440== Invalid read of size 4
==14440==    at 0x10A537: Dense_compute_output (in /home/mohsan/FYP/orca/systems/zedboard/software/Mnist_Fixed_source_Code/keras)
==14440==    by 0x108A0A: main (in /home/mohsan/FYP/orca/systems/zedboard/software/Mnist_Fixed_source_Code/keras)
==14440==  Address 0x5da2c20 is 0 bytes after a block of size 32 alloc'd
==14440==    at 0x4C31B25: calloc (in /usr/lib/valgrind/vgpreload_memcheck-amd64-linux.so)
==14440==    by 0x10A0B1: Dense_compute_output (in /home/mohsan/FYP/orca/systems/zedboard/software/Mnist_Fixed_source_Code/keras)
==14440==    by 0x108A0A: main (in /home/mohsan/FYP/orca/systems/zedboard/software/Mnist_Fixed_source_Code/keras)
==14440== 
==14440== ERROR SUMMARY: 544 errors from 32 contexts (suppressed: 0 from 0)
